<?xml version="1.0" encoding="UTF-8"?>
<testng-results skipped="0" failed="0" ignored="0" total="1" passed="1">
  <reporter-output>
  </reporter-output>
  <suite name="Default suite" duration-ms="22" started-at="2020-04-23T12:35:39Z" finished-at="2020-04-23T12:35:39Z">
    <groups>
    </groups>
    <test name="Default test" duration-ms="22" started-at="2020-04-23T12:35:39Z" finished-at="2020-04-23T12:35:39Z">
      <class name="MavenTestNg.MavenTestNg.Hello1">
        <test-method status="PASS" signature="test1()[pri:0, instance:MavenTestNg.MavenTestNg.Hello1@319b92f3]" name="test1" is-config="true" duration-ms="6" started-at="2020-04-23T12:35:39Z" finished-at="2020-04-23T12:35:39Z">
          <reporter-output>
          </reporter-output>
        </test-method> <!-- test1 -->
        <test-method status="PASS" signature="test2()[pri:0, instance:MavenTestNg.MavenTestNg.Hello1@319b92f3]" name="test2" duration-ms="3" started-at="2020-04-23T12:35:39Z" finished-at="2020-04-23T12:35:39Z">
          <reporter-output>
          </reporter-output>
        </test-method> <!-- test2 -->
      </class> <!-- MavenTestNg.MavenTestNg.Hello1 -->
    </test> <!-- Default test -->
  </suite> <!-- Default suite -->
</testng-results>
